22:32:52 **** Incremental Build of configuration Debug for project Control_ECU ****
make all 
Building file: ../APP/App.c
Invoking: AVR Compiler
avr-gcc -Wall -g2 -gstabs -O0 -fpack-struct -fshort-enums -ffunction-sections -fdata-sections -std=gnu99 -funsigned-char -funsigned-bitfields -mmcu=atmega16 -DF_CPU=1000000UL -MMD -MP -MF"APP/App.d" -MT"APP/App.o" -c -o "APP/App.o" "../APP/App.c"
In file included from ../APP/App.c:7:
c:/winavr-20100110/lib/gcc/../../avr/include/util/delay.h:90:3: warning: #warning "Compiler optimizations disabled; functions from <util/delay.h> won't work as designed"
../APP/App.c: In function 'App_start':
../APP/App.c:26: warning: unused variable 'i'
Finished building: ../APP/App.c
 
Building target: Control_ECU.elf
Invoking: AVR C Linker
avr-gcc -Wl,-Map,Control_ECU.map -mmcu=atmega16 -o "Control_ECU.elf"  ./MCAL/gpio.o ./MCAL/timer.o ./MCAL/twi.o ./MCAL/uart.o  ./ECUAL/external_eeprom.o ./ECUAL/lcd.o  ./APP/App.o  ./main.o   
Finished building target: Control_ECU.elf
 
Invoking: AVR Create Extended Listing
avr-objdump -h -S Control_ECU.elf  >"Control_ECU.lss"
Finished building: Control_ECU.lss
 
Invoking: Print Size
avr-size --format=avr --mcu=atmega16 Control_ECU.elf
AVR Memory Usage
----------------
Device: atmega16

Program:   10624 bytes (64.8% Full)
(.text + .data + .bootloader)

Data:         33 bytes (3.2% Full)
(.data + .bss + .noinit)


Finished building: sizedummy
 

22:32:53 Build Finished. 0 errors, 2 warnings. (took 570ms)

